[2024-12-05 18:28:56] Ошибка подключения: could not find driver
[2024-12-05 18:29:30] Ошибка подключения: could not find driver
[2024-12-05 18:36:17] Ошибка подключения: could not find driver
[2024-12-05 18:36:18] Ошибка подключения: could not find driver
[2024-12-05 18:37:06] Ошибка подключения: could not find driver
[2024-12-05 18:37:20] Ошибка подключения: could not find driver
[2024-12-05 18:37:21] Ошибка подключения: could not find driver
[2024-12-05 18:37:21] Ошибка подключения: could not find driver
[2024-12-05 18:38:12] Ошибка подключения: could not find driver
[2024-12-05 18:38:13] Ошибка подключения: could not find driver
[2024-12-05 18:38:13] Ошибка подключения: could not find driver
[2024-12-05 18:38:13] Ошибка подключения: could not find driver
[2024-12-05 18:38:13] Ошибка подключения: could not find driver
[2024-12-05 18:38:14] Ошибка подключения: could not find driver
[2024-12-05 18:38:53] Ошибка подключения: could not find driver
[2024-12-05 18:42:00] Ошибка подключения: could not find driver
[2024-12-05 18:45:06] Ошибка подключения: could not find driver
[2024-12-05 18:45:34] Ошибка подключения: could not find driver
[2024-12-05 18:53:55] Ошибка подключения: could not find driver
[2024-12-05 23:45:19] Ошибка подключения: could not find driver
[2024-12-06 10:42:38] Ошибка подключения: could not find driver
[2024-12-06 10:45:32] Ошибка подключения: could not find driver
[2024-12-06 10:47:08] Ошибка подключения: could not find driver
[2024-12-06 10:47:10] Ошибка подключения: could not find driver
[2024-12-06 10:47:13] Ошибка подключения: could not find driver
[2024-12-06 10:48:06] Ошибка подключения: could not find driver
[2024-12-06 11:10:12] Ошибка подключения: could not find driver
[2024-12-06 11:14:48] Ошибка подключения: could not find driver
[2024-12-06 11:14:49] Ошибка подключения: could not find driver
[2024-12-06 11:14:50] Ошибка подключения: could not find driver
[2024-12-06 11:14:50] Ошибка подключения: could not find driver
[2024-12-06 11:15:50] Ошибка подключения: could not find driver
[2024-12-06 11:19:02] Ошибка подключения: could not find driver
[2024-12-06 11:24:26] Ошибка подключения: could not find driver
[2024-12-06 11:27:55] Ошибка подключения: SQLSTATE[HY000] [1045] Access denied for user 'root'@'localhost' (using password: YES)
[2024-12-06 11:27:56] Ошибка подключения: SQLSTATE[HY000] [1045] Access denied for user 'root'@'localhost' (using password: YES)
[2024-12-06 11:29:13] Ошибка подключения: SQLSTATE[HY000] [1045] Access denied for user 'root'@'localhost' (using password: YES)
[2024-12-06 11:29:14] Ошибка подключения: SQLSTATE[HY000] [1045] Access denied for user 'root'@'localhost' (using password: YES)
[2024-12-06 11:29:14] Ошибка подключения: SQLSTATE[HY000] [1045] Access denied for user 'root'@'localhost' (using password: YES)
[2024-12-08 21:50:50] Ошибка выполнения SQL-запроса: SQLSTATE[42S22]: Column not found: 1054 Unknown column 'photo_path' in 'field list'
[2024-12-08 21:50:50] Ошибка выполнения SQL-запроса: SQLSTATE[42S22]: Column not found: 1054 Unknown column 'photo_path' in 'field list'
[2024-12-08 21:50:50] Ошибка выполнения SQL-запроса: SQLSTATE[42S22]: Column not found: 1054 Unknown column 'photo_path' in 'field list'
[2024-12-08 21:50:50] Ошибка выполнения SQL-запроса: SQLSTATE[42S22]: Column not found: 1054 Unknown column 'photo_path' in 'field list'
[2024-12-08 21:50:50] Ошибка выполнения SQL-запроса: SQLSTATE[42S22]: Column not found: 1054 Unknown column 'photo_path' in 'field list'
[2024-12-08 21:51:33] Ошибка выполнения SQL-запроса: SQLSTATE[42S22]: Column not found: 1054 Unknown column 'photo_path' in 'field list'
[2024-12-08 21:51:33] Ошибка выполнения SQL-запроса: SQLSTATE[42S22]: Column not found: 1054 Unknown column 'photo_path' in 'field list'
[2024-12-08 21:51:33] Ошибка выполнения SQL-запроса: SQLSTATE[42S22]: Column not found: 1054 Unknown column 'photo_path' in 'field list'
[2024-12-08 21:51:33] Ошибка выполнения SQL-запроса: SQLSTATE[42S22]: Column not found: 1054 Unknown column 'photo_path' in 'field list'
[2024-12-08 21:51:33] Ошибка выполнения SQL-запроса: SQLSTATE[42S22]: Column not found: 1054 Unknown column 'photo_path' in 'field list'
[2024-12-08 21:51:33] Ошибка выполнения SQL-запроса: SQLSTATE[42S22]: Column not found: 1054 Unknown column 'photo_path' in 'field list'
[2024-12-08 21:52:08] Ошибка выполнения SQL-запроса: SQLSTATE[42S22]: Column not found: 1054 Unknown column 'photo_path' in 'field list'
[2024-12-09 16:39:39] Ошибка выполнения SQL-запроса: SQLSTATE[42S22]: Column not found: 1054 Unknown column 'photo_path' in 'field list'
[2024-12-09 16:40:54] Ошибка выполнения SQL-запроса: SQLSTATE[42S22]: Column not found: 1054 Unknown column 'photo_path' in 'field list'
[2024-12-09 17:07:38] Ошибка выполнения SQL-запроса: SQLSTATE[42S22]: Column not found: 1054 Unknown column 'photo_path' in 'field list'
[2024-12-12 01:48:12] Ошибка подключения к Redis: Не удалось подключиться к Redis.
[2024-12-12 01:53:21] Ошибка подключения к Redis: Не удалось подключиться к Redis.
[2024-12-12 01:53:22] Ошибка подключения к Redis: Не удалось подключиться к Redis.
[2024-12-12 01:53:22] Ошибка подключения к Redis: Не удалось подключиться к Redis.
[2024-12-12 01:53:22] Ошибка подключения к Redis: Не удалось подключиться к Redis.
[2024-12-12 01:53:23] Ошибка подключения к Redis: Не удалось подключиться к Redis.
[2024-12-12 01:53:23] Ошибка подключения к Redis: Не удалось подключиться к Redis.
[2024-12-12 01:53:23] Ошибка подключения к Redis: Не удалось подключиться к Redis.
[2024-12-12 01:53:23] Ошибка подключения к Redis: Не удалось подключиться к Redis.
[2024-12-12 01:53:23] Ошибка подключения к Redis: Не удалось подключиться к Redis.
[2024-12-12 01:53:24] Ошибка подключения к Redis: Не удалось подключиться к Redis.
[2024-12-12 01:53:24] Ошибка подключения к Redis: Не удалось подключиться к Redis.
[2024-12-12 01:53:24] Ошибка подключения к Redis: Не удалось подключиться к Redis.
[2024-12-12 01:53:24] Ошибка подключения к Redis: Не удалось подключиться к Redis.
[2024-12-12 01:53:25] Ошибка подключения к Redis: Не удалось подключиться к Redis.
[2024-12-12 01:53:25] Ошибка подключения к Redis: Не удалось подключиться к Redis.
[2024-12-12 01:53:25] Ошибка подключения к Redis: Не удалось подключиться к Redis.
[2024-12-12 01:54:53] Ошибка подключения к Redis: Не удалось подключиться к Redis.
[2024-12-12 01:54:53] Ошибка подключения к Redis: Не удалось подключиться к Redis.
[2024-12-12 01:54:53] Ошибка подключения к Redis: Не удалось подключиться к Redis.
[2024-12-12 01:54:54] Ошибка подключения к Redis: Не удалось подключиться к Redis.
[2024-12-12 02:32:42] Ошибка подключения к Redis: Подключение не установлено, т.к. конечный компьютер отверг запрос на подключение
[2024-12-12 09:49:43] Ошибка подключения к Redis: Подключение не установлено, т.к. конечный компьютер отверг запрос на подключение
[2024-12-12 09:56:41] Ошибка подключения к Redis: Подключение не установлено, т.к. конечный компьютер отверг запрос на подключение
[2024-12-12 09:56:48] Ошибка подключения к Redis: Подключение не установлено, т.к. конечный компьютер отверг запрос на подключение
[2024-12-12 15:32:22] Ошибка подключения к Redis: Подключение не установлено, т.к. конечный компьютер отверг запрос на подключение
[2024-12-12 22:08:13] Ошибка подключения к Redis: Подключение не установлено, т.к. конечный компьютер отверг запрос на подключение
[2024-12-12 22:08:17] Ошибка подключения к Redis: Подключение не установлено, т.к. конечный компьютер отверг запрос на подключение
[2024-12-12 22:08:22] Ошибка подключения к Redis: Подключение не установлено, т.к. конечный компьютер отверг запрос на подключение
[2024-12-13 23:35:13] Ошибка подключения к Redis: Подключение не установлено, т.к. конечный компьютер отверг запрос на подключение
[2024-12-14 09:49:55] Ошибка подключения к базе данных: could not find driver
